Epoch: 01, Loss: 0.6535, Train: 55.62%, Test: 63.00%
Epoch: 02, Loss: 0.7348, Train: 81.38%, Test: 80.50%
Epoch: 03, Loss: 0.5835, Train: 91.62%, Test: 86.50%
Epoch: 04, Loss: 0.5366, Train: 95.87%, Test: 94.50%
Epoch: 05, Loss: 0.5528, Train: 98.38%, Test: 97.50%
Epoch: 06, Loss: 0.5779, Train: 99.12%, Test: 98.00%
Epoch: 07, Loss: 0.4494, Train: 99.38%, Test: 98.50%
Epoch: 08, Loss: 0.4441, Train: 99.75%, Test: 99.50%
Epoch: 09, Loss: 0.4180, Train: 100.00%, Test: 99.00%
Epoch: 10, Loss: 0.4034, Train: 100.00%, Test: 99.50%
Epoch: 11, Loss: 0.5202, Train: 100.00%, Test: 99.00%
Epoch: 12, Loss: 0.3530, Train: 100.00%, Test: 99.50%
Epoch: 13, Loss: 0.3679, Train: 100.00%, Test: 99.50%
Epoch: 14, Loss: 0.3715, Train: 100.00%, Test: 99.50%
Epoch: 15, Loss: 0.3588, Train: 100.00%, Test: 99.50%
Epoch: 16, Loss: 0.3984, Train: 100.00%, Test: 99.50%
Epoch: 17, Loss: 0.5325, Train: 100.00%, Test: 100.00%
Epoch: 18, Loss: 0.3677, Train: 100.00%, Test: 100.00%
Epoch: 19, Loss: 0.4016, Train: 100.00%, Test: 100.00%
Epoch: 20, Loss: 0.3942, Train: 100.00%, Test: 99.50%
Epoch: 21, Loss: 0.3404, Train: 100.00%, Test: 100.00%
Epoch: 22, Loss: 0.3748, Train: 100.00%, Test: 100.00%
Epoch: 23, Loss: 0.3351, Train: 100.00%, Test: 100.00%
Epoch: 24, Loss: 0.3484, Train: 100.00%, Test: 100.00%
Epoch: 25, Loss: 0.3958, Train: 100.00%, Test: 100.00%
Epoch: 26, Loss: 0.3335, Train: 100.00%, Test: 100.00%
Epoch: 27, Loss: 0.3856, Train: 100.00%, Test: 99.50%
Epoch: 28, Loss: 0.3265, Train: 100.00%, Test: 100.00%
Epoch: 29, Loss: 0.3316, Train: 100.00%, Test: 100.00%
Epoch: 30, Loss: 0.3450, Train: 100.00%, Test: 100.00%

========== Non-Graph Based Methods with PCA ==========
Accuracy for LDA is 0.545
Accuracy for GNB is 0.545 

========== Non-Graph Based Methods without PCA ==========
(800,)
(200,)
Accuracy for LDA is 0.515
Accuracy for GNB is 0.515 

========== GNN with Parent Graph ==========
Epoch: 01, Loss: 0.6498, Train: 51.38%, Test: 48.00%
Epoch: 02, Loss: 0.7391, Train: 55.87%, Test: 52.00%
Epoch: 03, Loss: 0.6896, Train: 59.50%, Test: 54.00%
Epoch: 04, Loss: 0.6894, Train: 64.00%, Test: 54.00%
Epoch: 05, Loss: 0.6278, Train: 68.00%, Test: 57.50%
Epoch: 06, Loss: 0.5942, Train: 72.88%, Test: 58.00%
Epoch: 07, Loss: 0.6069, Train: 76.12%, Test: 59.50%
Epoch: 08, Loss: 0.6232, Train: 78.25%, Test: 64.50%
Epoch: 09, Loss: 0.5557, Train: 82.25%, Test: 63.00%
Epoch: 10, Loss: 0.5577, Train: 85.12%, Test: 66.50%
Epoch: 11, Loss: 0.6148, Train: 86.62%, Test: 69.50%
Epoch: 12, Loss: 0.6056, Train: 87.75%, Test: 70.00%
Epoch: 13, Loss: 0.5156, Train: 89.62%, Test: 69.50%
Epoch: 14, Loss: 0.5808, Train: 90.88%, Test: 71.50%
Epoch: 15, Loss: 0.5711, Train: 92.75%, Test: 72.50%
Epoch: 16, Loss: 0.5624, Train: 93.62%, Test: 73.00%
Epoch: 17, Loss: 0.4614, Train: 94.00%, Test: 76.00%
Epoch: 18, Loss: 0.5247, Train: 95.12%, Test: 76.50%
Epoch: 19, Loss: 0.6174, Train: 95.75%, Test: 78.00%
Epoch: 20, Loss: 0.4142, Train: 96.62%, Test: 76.50%
Epoch: 21, Loss: 0.5224, Train: 97.38%, Test: 78.50%
Epoch: 22, Loss: 0.6937, Train: 97.38%, Test: 78.50%
Epoch: 23, Loss: 0.4171, Train: 97.62%, Test: 79.00%
Epoch: 24, Loss: 0.4799, Train: 98.00%, Test: 78.00%
Epoch: 25, Loss: 0.4447, Train: 99.00%, Test: 79.00%
Epoch: 26, Loss: 0.3931, Train: 98.25%, Test: 78.00%
Epoch: 27, Loss: 0.5119, Train: 99.25%, Test: 79.50%
Epoch: 28, Loss: 0.3919, Train: 99.00%, Test: 79.50%
Epoch: 29, Loss: 0.3814, Train: 99.12%, Test: 81.00%
Epoch: 30, Loss: 0.4598, Train: 98.88%, Test: 78.00%
========== GNN without One View ==========
Epoch: 01, Loss: 0.7046, Train: 55.75%, Test: 54.50%
Epoch: 02, Loss: 0.6553, Train: 62.37%, Test: 61.00%
Epoch: 03, Loss: 0.6010, Train: 66.25%, Test: 59.50%
Epoch: 04, Loss: 0.6614, Train: 69.87%, Test: 63.00%
Epoch: 05, Loss: 0.6407, Train: 73.00%, Test: 69.00%
Epoch: 06, Loss: 0.6233, Train: 75.00%, Test: 70.50%
Epoch: 07, Loss: 0.5909, Train: 79.38%, Test: 68.50%
Epoch: 08, Loss: 0.6407, Train: 82.87%, Test: 72.50%
Epoch: 09, Loss: 0.6305, Train: 83.38%, Test: 73.50%
Epoch: 10, Loss: 0.6269, Train: 85.50%, Test: 74.50%
Epoch: 11, Loss: 0.5635, Train: 86.38%, Test: 76.00%
Epoch: 12, Loss: 0.6301, Train: 88.00%, Test: 78.00%
Epoch: 13, Loss: 0.5546, Train: 90.25%, Test: 78.00%
Epoch: 14, Loss: 0.5952, Train: 89.75%, Test: 78.50%
Epoch: 15, Loss: 0.4952, Train: 91.62%, Test: 79.00%
Epoch: 16, Loss: 0.4828, Train: 92.75%, Test: 79.50%
Epoch: 17, Loss: 0.5031, Train: 94.12%, Test: 81.50%
Epoch: 18, Loss: 0.5311, Train: 94.62%, Test: 81.50%
Epoch: 19, Loss: 0.6146, Train: 95.50%, Test: 83.50%
Epoch: 20, Loss: 0.5316, Train: 96.38%, Test: 83.50%
Epoch: 21, Loss: 0.4615, Train: 96.50%, Test: 83.00%
Epoch: 22, Loss: 0.4242, Train: 97.12%, Test: 84.00%
Epoch: 23, Loss: 0.4825, Train: 97.62%, Test: 84.50%
Epoch: 24, Loss: 0.4943, Train: 97.50%, Test: 84.00%
Epoch: 25, Loss: 0.4244, Train: 98.00%, Test: 84.50%
Epoch: 26, Loss: 0.5277, Train: 98.25%, Test: 85.50%
Epoch: 27, Loss: 0.4399, Train: 98.25%, Test: 85.00%
Epoch: 28, Loss: 0.5256, Train: 98.75%, Test: 84.50%
Epoch: 29, Loss: 0.5146, Train: 98.62%, Test: 84.00%
Epoch: 30, Loss: 0.4398, Train: 98.75%, Test: 84.50%
