Experiment with 100 features and 35 nodes. N = 1000
========== Multiview with Union ==========
Epoch: 01, Loss: 0.7048, Train: 50.00%, Test: 51.50%
Epoch: 02, Loss: 0.6630, Train: 57.75%, Test: 57.50%
Epoch: 03, Loss: 0.6662, Train: 63.75%, Test: 61.50%
Epoch: 04, Loss: 0.6778, Train: 68.75%, Test: 63.50%
Epoch: 05, Loss: 0.6621, Train: 76.50%, Test: 69.50%
Epoch: 06, Loss: 0.5621, Train: 79.25%, Test: 71.50%
Epoch: 07, Loss: 0.6325, Train: 83.88%, Test: 76.00%
Epoch: 08, Loss: 0.5822, Train: 87.50%, Test: 80.50%
Epoch: 09, Loss: 0.5629, Train: 89.62%, Test: 81.00%
Epoch: 10, Loss: 0.5465, Train: 91.25%, Test: 82.00%
Epoch: 11, Loss: 0.5237, Train: 92.62%, Test: 82.50%
Epoch: 12, Loss: 0.4951, Train: 93.38%, Test: 84.00%
Epoch: 13, Loss: 0.5525, Train: 94.38%, Test: 86.50%
Epoch: 14, Loss: 0.5957, Train: 95.62%, Test: 86.00%
Epoch: 15, Loss: 0.5593, Train: 96.00%, Test: 87.50%
Epoch: 16, Loss: 0.4578, Train: 96.75%, Test: 86.50%
Epoch: 17, Loss: 0.4852, Train: 97.75%, Test: 89.50%
Epoch: 18, Loss: 0.4290, Train: 97.75%, Test: 91.00%
Epoch: 19, Loss: 0.4323, Train: 98.12%, Test: 90.50%
Epoch: 20, Loss: 0.4280, Train: 98.62%, Test: 90.50%
Epoch: 21, Loss: 0.4928, Train: 98.62%, Test: 92.00%
Epoch: 22, Loss: 0.4020, Train: 99.12%, Test: 92.50%
Epoch: 23, Loss: 0.3926, Train: 98.75%, Test: 91.50%
Epoch: 24, Loss: 0.4215, Train: 99.38%, Test: 92.00%
Epoch: 25, Loss: 0.3744, Train: 99.25%, Test: 91.50%
Epoch: 26, Loss: 0.3954, Train: 99.38%, Test: 92.00%
Epoch: 27, Loss: 0.3656, Train: 99.50%, Test: 92.00%
Epoch: 28, Loss: 0.3568, Train: 99.50%, Test: 92.00%
Epoch: 29, Loss: 0.5597, Train: 99.75%, Test: 92.50%
Epoch: 30, Loss: 0.5597, Train: 99.50%, Test: 92.00%

========== Non-Graph Based Methods with PCA ==========
Accuracy for LDA is 0.535
Accuracy for GNB is 0.535 

========== Non-Graph Based Methods without PCA ==========
(800,)
(200,)
Accuracy for LDA is 0.51
Accuracy for GNB is 0.51 


========== GNN with Parent Graph ==========
Epoch: 01, Loss: 0.7403, Train: 51.88%, Test: 51.00%
Epoch: 02, Loss: 0.6987, Train: 55.00%, Test: 52.00%
Epoch: 03, Loss: 0.7075, Train: 57.88%, Test: 54.50%
Epoch: 04, Loss: 0.7161, Train: 61.50%, Test: 57.50%
Epoch: 05, Loss: 0.7293, Train: 64.50%, Test: 60.00%
Epoch: 06, Loss: 0.7273, Train: 66.75%, Test: 62.50%
Epoch: 07, Loss: 0.6401, Train: 69.00%, Test: 63.50%
Epoch: 08, Loss: 0.6767, Train: 73.50%, Test: 62.50%
Epoch: 09, Loss: 0.5953, Train: 73.38%, Test: 64.00%
Epoch: 10, Loss: 0.6051, Train: 76.75%, Test: 68.00%
Epoch: 11, Loss: 0.5678, Train: 78.88%, Test: 70.50%
Epoch: 12, Loss: 0.6511, Train: 81.00%, Test: 70.50%
Epoch: 13, Loss: 0.5388, Train: 83.00%, Test: 69.50%
Epoch: 14, Loss: 0.7504, Train: 84.38%, Test: 69.00%
Epoch: 15, Loss: 0.5708, Train: 85.62%, Test: 70.00%
Epoch: 16, Loss: 0.5418, Train: 86.12%, Test: 71.00%
Epoch: 17, Loss: 0.5383, Train: 88.25%, Test: 75.00%
Epoch: 18, Loss: 0.6031, Train: 89.50%, Test: 74.50%
Epoch: 19, Loss: 0.5700, Train: 91.38%, Test: 77.00%
Epoch: 20, Loss: 0.5859, Train: 91.62%, Test: 75.50%
Epoch: 21, Loss: 0.5774, Train: 93.00%, Test: 79.00%
Epoch: 22, Loss: 0.6287, Train: 94.62%, Test: 78.00%
Epoch: 23, Loss: 0.6074, Train: 95.12%, Test: 79.00%
Epoch: 24, Loss: 0.5042, Train: 95.62%, Test: 78.00%
Epoch: 25, Loss: 0.4556, Train: 95.75%, Test: 78.00%
Epoch: 26, Loss: 0.4732, Train: 96.62%, Test: 77.50%
Epoch: 27, Loss: 0.5948, Train: 97.00%, Test: 80.00%
Epoch: 28, Loss: 0.5066, Train: 97.00%, Test: 79.50%
Epoch: 29, Loss: 0.4620, Train: 98.38%, Test: 79.50%
Epoch: 30, Loss: 0.6278, Train: 98.12%, Test: 81.00%

========== GNN with One View ==========
Epoch: 01, Loss: 0.6374, Train: 49.62%, Test: 49.00%
Epoch: 02, Loss: 0.7239, Train: 53.00%, Test: 52.50%
Epoch: 03, Loss: 0.7357, Train: 55.25%, Test: 52.50%
Epoch: 04, Loss: 0.6988, Train: 57.12%, Test: 53.00%
Epoch: 05, Loss: 0.7254, Train: 59.25%, Test: 54.00%
Epoch: 06, Loss: 0.6369, Train: 61.00%, Test: 52.00%
Epoch: 07, Loss: 0.6355, Train: 62.87%, Test: 55.50%
Epoch: 08, Loss: 0.6229, Train: 64.00%, Test: 54.50%
Epoch: 09, Loss: 0.5665, Train: 67.88%, Test: 55.00%
Epoch: 10, Loss: 0.6717, Train: 69.25%, Test: 55.50%
Epoch: 11, Loss: 0.6925, Train: 71.00%, Test: 56.00%
Epoch: 12, Loss: 0.6007, Train: 73.12%, Test: 57.50%
Epoch: 13, Loss: 0.6215, Train: 75.88%, Test: 56.50%
Epoch: 14, Loss: 0.6554, Train: 77.38%, Test: 58.00%
Epoch: 15, Loss: 0.6510, Train: 79.75%, Test: 56.50%
Epoch: 16, Loss: 0.5709, Train: 80.50%, Test: 59.00%
Epoch: 17, Loss: 0.6450, Train: 83.00%, Test: 59.00%
Epoch: 18, Loss: 0.6271, Train: 84.38%, Test: 60.00%
Epoch: 19, Loss: 0.5839, Train: 84.50%, Test: 59.50%
Epoch: 20, Loss: 0.6233, Train: 86.00%, Test: 60.50%
Epoch: 21, Loss: 0.6374, Train: 87.50%, Test: 61.50%
Epoch: 22, Loss: 0.5591, Train: 88.62%, Test: 62.50%
Epoch: 23, Loss: 0.5582, Train: 88.75%, Test: 60.00%
Epoch: 24, Loss: 0.6222, Train: 90.25%, Test: 60.00%
Epoch: 25, Loss: 0.6033, Train: 90.75%, Test: 64.00%
Epoch: 26, Loss: 0.5544, Train: 91.50%, Test: 62.00%
Epoch: 27, Loss: 0.4971, Train: 92.50%, Test: 63.50%
Epoch: 28, Loss: 0.5321, Train: 92.50%, Test: 62.50%
Epoch: 29, Loss: 0.4844, Train: 93.38%, Test: 62.50%
Epoch: 30, Loss: 0.5663, Train: 94.12%, Test: 67.00%
