Experiment with 100 features and 35 nodes. N = 1000
========== Multiview with Union ==========
Epoch: 01, Loss: 0.6597, Train: 55.25%, Test: 51.50%
Epoch: 02, Loss: 0.6810, Train: 63.12%, Test: 58.00%
Epoch: 03, Loss: 0.5492, Train: 68.25%, Test: 62.00%
Epoch: 04, Loss: 0.6423, Train: 74.88%, Test: 66.50%
Epoch: 05, Loss: 0.5596, Train: 80.88%, Test: 72.50%
Epoch: 06, Loss: 0.5954, Train: 83.50%, Test: 75.50%
Epoch: 07, Loss: 0.6184, Train: 87.62%, Test: 80.00%
Epoch: 08, Loss: 0.5970, Train: 89.25%, Test: 82.00%
Epoch: 09, Loss: 0.6000, Train: 90.38%, Test: 83.50%
Epoch: 10, Loss: 0.5070, Train: 92.38%, Test: 84.50%
Epoch: 11, Loss: 0.4820, Train: 94.00%, Test: 86.50%
Epoch: 12, Loss: 0.5096, Train: 92.62%, Test: 88.00%
Epoch: 13, Loss: 0.4731, Train: 95.25%, Test: 88.50%
Epoch: 14, Loss: 0.5211, Train: 97.38%, Test: 89.00%
Epoch: 15, Loss: 0.4413, Train: 97.50%, Test: 90.00%
Epoch: 16, Loss: 0.4373, Train: 98.25%, Test: 90.50%
Epoch: 17, Loss: 0.5098, Train: 98.25%, Test: 89.50%
Epoch: 18, Loss: 0.4081, Train: 98.50%, Test: 91.00%
Epoch: 19, Loss: 0.3771, Train: 98.75%, Test: 90.00%
Epoch: 20, Loss: 0.4746, Train: 98.62%, Test: 91.50%
Epoch: 21, Loss: 0.4276, Train: 99.00%, Test: 93.00%
Epoch: 22, Loss: 0.3983, Train: 99.12%, Test: 92.00%
Epoch: 23, Loss: 0.4222, Train: 99.00%, Test: 92.50%
Epoch: 24, Loss: 0.5742, Train: 99.38%, Test: 92.50%
Epoch: 25, Loss: 0.5620, Train: 99.38%, Test: 93.50%
Epoch: 26, Loss: 0.3633, Train: 99.25%, Test: 93.50%
Epoch: 27, Loss: 0.3875, Train: 99.50%, Test: 94.00%
Epoch: 28, Loss: 0.4182, Train: 99.38%, Test: 94.00%
Epoch: 29, Loss: 0.3813, Train: 99.88%, Test: 94.00%
Epoch: 30, Loss: 0.3715, Train: 99.75%, Test: 93.50%

========== Non-Graph Based Methods with PCA ==========
Accuracy for LDA is 0.515
Accuracy for GNB is 0.515 

========== Non-Graph Based Methods without PCA ==========
(800,)
(200,)
Accuracy for LDA is 0.52
Accuracy for GNB is 0.52 


========== GNN with Parent Graph ==========
Epoch: 01, Loss: 0.7679, Train: 54.00%, Test: 46.00%
Epoch: 02, Loss: 0.6747, Train: 57.75%, Test: 48.00%
Epoch: 03, Loss: 0.6454, Train: 61.62%, Test: 55.00%
Epoch: 04, Loss: 0.6204, Train: 66.50%, Test: 54.50%
Epoch: 05, Loss: 0.6850, Train: 68.88%, Test: 59.00%
Epoch: 06, Loss: 0.6305, Train: 72.50%, Test: 58.50%
Epoch: 07, Loss: 0.6267, Train: 75.88%, Test: 61.00%
Epoch: 08, Loss: 0.6722, Train: 78.12%, Test: 63.50%
Epoch: 09, Loss: 0.6684, Train: 82.12%, Test: 66.50%
Epoch: 10, Loss: 0.6593, Train: 84.00%, Test: 67.50%
Epoch: 11, Loss: 0.6691, Train: 86.38%, Test: 67.50%
Epoch: 12, Loss: 0.5118, Train: 86.88%, Test: 73.00%
Epoch: 13, Loss: 0.6169, Train: 88.75%, Test: 73.00%
Epoch: 14, Loss: 0.5642, Train: 90.38%, Test: 73.00%
Epoch: 15, Loss: 0.6285, Train: 91.62%, Test: 72.00%
Epoch: 16, Loss: 0.5613, Train: 92.12%, Test: 73.00%
Epoch: 17, Loss: 0.5745, Train: 92.25%, Test: 76.50%
Epoch: 18, Loss: 0.5127, Train: 93.62%, Test: 76.00%
Epoch: 19, Loss: 0.4676, Train: 94.25%, Test: 75.50%
Epoch: 20, Loss: 0.4697, Train: 94.62%, Test: 80.50%
Epoch: 21, Loss: 0.5306, Train: 95.37%, Test: 81.00%
Epoch: 22, Loss: 0.4644, Train: 95.75%, Test: 82.50%
Epoch: 23, Loss: 0.4810, Train: 96.38%, Test: 80.00%
Epoch: 24, Loss: 0.4433, Train: 97.12%, Test: 80.50%
Epoch: 25, Loss: 0.6512, Train: 97.25%, Test: 81.00%
Epoch: 26, Loss: 0.4944, Train: 97.88%, Test: 84.50%
Epoch: 27, Loss: 0.4220, Train: 98.00%, Test: 82.00%
Epoch: 28, Loss: 0.4037, Train: 98.75%, Test: 83.00%
Epoch: 29, Loss: 0.4183, Train: 98.75%, Test: 82.50%
Epoch: 30, Loss: 0.4510, Train: 98.62%, Test: 84.00%

========== GNN with View p2 of 0.9 ==========
Epoch: 01, Loss: 0.6321, Train: 53.25%, Test: 53.00%
Epoch: 02, Loss: 0.6399, Train: 59.00%, Test: 59.00%
Epoch: 03, Loss: 0.6595, Train: 61.75%, Test: 60.00%
Epoch: 04, Loss: 0.6341, Train: 63.37%, Test: 62.50%
Epoch: 05, Loss: 0.6254, Train: 67.25%, Test: 62.50%
Epoch: 06, Loss: 0.6553, Train: 71.50%, Test: 64.50%
Epoch: 07, Loss: 0.6110, Train: 73.25%, Test: 64.50%
Epoch: 08, Loss: 0.6356, Train: 76.25%, Test: 66.00%
Epoch: 09, Loss: 0.6600, Train: 78.62%, Test: 67.50%
Epoch: 10, Loss: 0.6619, Train: 80.38%, Test: 68.50%
Epoch: 11, Loss: 0.5580, Train: 82.75%, Test: 72.00%
Epoch: 12, Loss: 0.7096, Train: 83.75%, Test: 73.50%
Epoch: 13, Loss: 0.6196, Train: 85.75%, Test: 70.00%
Epoch: 14, Loss: 0.5218, Train: 87.50%, Test: 74.00%
Epoch: 15, Loss: 0.4966, Train: 89.12%, Test: 75.50%
Epoch: 16, Loss: 0.5189, Train: 89.25%, Test: 73.50%
Epoch: 17, Loss: 0.5310, Train: 91.00%, Test: 78.50%
Epoch: 18, Loss: 0.4678, Train: 91.50%, Test: 77.50%
Epoch: 19, Loss: 0.4940, Train: 93.12%, Test: 78.00%
Epoch: 20, Loss: 0.4611, Train: 93.38%, Test: 79.00%
Epoch: 21, Loss: 0.5432, Train: 94.12%, Test: 78.50%
Epoch: 22, Loss: 0.5034, Train: 94.62%, Test: 79.00%
Epoch: 23, Loss: 0.4900, Train: 95.00%, Test: 79.50%
Epoch: 24, Loss: 0.4673, Train: 96.12%, Test: 80.00%
Epoch: 25, Loss: 0.4591, Train: 96.50%, Test: 79.00%
Epoch: 26, Loss: 0.4577, Train: 96.62%, Test: 79.00%
Epoch: 27, Loss: 0.4729, Train: 97.38%, Test: 80.50%
Epoch: 28, Loss: 0.5325, Train: 97.38%, Test: 79.50%
Epoch: 29, Loss: 0.3647, Train: 97.88%, Test: 81.50%
Epoch: 30, Loss: 0.4210, Train: 98.38%, Test: 81.00%

========== GNN with View p3 of 0.8 ==========
Epoch: 01, Loss: 0.6683, Train: 58.25%, Test: 57.00%
Epoch: 02, Loss: 0.7170, Train: 61.75%, Test: 59.00%
Epoch: 03, Loss: 0.7403, Train: 64.25%, Test: 61.00%
Epoch: 04, Loss: 0.6288, Train: 68.75%, Test: 61.00%
Epoch: 05, Loss: 0.7074, Train: 71.00%, Test: 61.00%
Epoch: 06, Loss: 0.6443, Train: 74.25%, Test: 63.50%
Epoch: 07, Loss: 0.6592, Train: 76.12%, Test: 66.00%
Epoch: 08, Loss: 0.5902, Train: 80.12%, Test: 65.00%
Epoch: 09, Loss: 0.6149, Train: 83.38%, Test: 67.00%
Epoch: 10, Loss: 0.7009, Train: 83.88%, Test: 69.00%
Epoch: 11, Loss: 0.5546, Train: 85.38%, Test: 71.00%
Epoch: 12, Loss: 0.6586, Train: 88.38%, Test: 73.50%
Epoch: 13, Loss: 0.5094, Train: 88.62%, Test: 73.00%
Epoch: 14, Loss: 0.5395, Train: 89.88%, Test: 72.50%
Epoch: 15, Loss: 0.6475, Train: 92.12%, Test: 74.00%
Epoch: 16, Loss: 0.5614, Train: 92.75%, Test: 77.00%
Epoch: 17, Loss: 0.4981, Train: 93.88%, Test: 77.50%
Epoch: 18, Loss: 0.4797, Train: 94.38%, Test: 77.00%
Epoch: 19, Loss: 0.5429, Train: 94.87%, Test: 78.50%
Epoch: 20, Loss: 0.4577, Train: 95.12%, Test: 78.50%
Epoch: 21, Loss: 0.4532, Train: 95.75%, Test: 79.50%
Epoch: 22, Loss: 0.4681, Train: 96.00%, Test: 80.00%
Epoch: 23, Loss: 0.5242, Train: 96.62%, Test: 79.50%
Epoch: 24, Loss: 0.5200, Train: 97.00%, Test: 80.00%
Epoch: 25, Loss: 0.5207, Train: 97.62%, Test: 81.00%
Epoch: 26, Loss: 0.5125, Train: 97.75%, Test: 81.00%
Epoch: 27, Loss: 0.4005, Train: 97.75%, Test: 82.00%
Epoch: 28, Loss: 0.4904, Train: 97.88%, Test: 83.00%
Epoch: 29, Loss: 0.4193, Train: 98.12%, Test: 83.50%
Epoch: 30, Loss: 0.4403, Train: 97.88%, Test: 84.00%

========== GNN with View p4 of 0.7 ==========
Epoch: 01, Loss: 0.6664, Train: 52.50%, Test: 46.00%
Epoch: 02, Loss: 0.7642, Train: 54.62%, Test: 48.50%
Epoch: 03, Loss: 0.6969, Train: 56.50%, Test: 50.50%
Epoch: 04, Loss: 0.6527, Train: 59.00%, Test: 51.00%
Epoch: 05, Loss: 0.7361, Train: 61.87%, Test: 50.50%
Epoch: 06, Loss: 0.7520, Train: 63.75%, Test: 52.00%
Epoch: 07, Loss: 0.6948, Train: 65.62%, Test: 52.50%
Epoch: 08, Loss: 0.6390, Train: 68.50%, Test: 55.00%
Epoch: 09, Loss: 0.6757, Train: 69.87%, Test: 55.00%
Epoch: 10, Loss: 0.6543, Train: 72.50%, Test: 56.00%
Epoch: 11, Loss: 0.6702, Train: 73.75%, Test: 57.50%
Epoch: 12, Loss: 0.6633, Train: 75.88%, Test: 58.50%
Epoch: 13, Loss: 0.7236, Train: 77.38%, Test: 58.00%
Epoch: 14, Loss: 0.6138, Train: 79.12%, Test: 59.00%
Epoch: 15, Loss: 0.6534, Train: 81.12%, Test: 62.00%
Epoch: 16, Loss: 0.5856, Train: 83.88%, Test: 63.00%
Epoch: 17, Loss: 0.6200, Train: 83.50%, Test: 63.50%
Epoch: 18, Loss: 0.5461, Train: 85.75%, Test: 62.50%
Epoch: 19, Loss: 0.6152, Train: 86.12%, Test: 61.50%
Epoch: 20, Loss: 0.6695, Train: 88.62%, Test: 65.50%
Epoch: 21, Loss: 0.6655, Train: 87.75%, Test: 62.50%
Epoch: 22, Loss: 0.5806, Train: 91.12%, Test: 67.00%
Epoch: 23, Loss: 0.4793, Train: 91.50%, Test: 68.00%
Epoch: 24, Loss: 0.5963, Train: 93.50%, Test: 68.00%
Epoch: 25, Loss: 0.5361, Train: 93.62%, Test: 70.50%
Epoch: 26, Loss: 0.5094, Train: 94.12%, Test: 71.00%
Epoch: 27, Loss: 0.5659, Train: 95.75%, Test: 70.00%
Epoch: 28, Loss: 0.5060, Train: 95.87%, Test: 70.50%
Epoch: 29, Loss: 0.5088, Train: 96.38%, Test: 72.50%
Epoch: 30, Loss: 0.4907, Train: 96.12%, Test: 68.50%

========== Decision Fusion ==========
Epoch: 01, Loss: 0.6709, Train: 51.12%, Test: 53.50%
Epoch: 02, Loss: 0.6598, Train: 53.62%, Test: 57.50%
Epoch: 03, Loss: 0.6586, Train: 57.75%, Test: 56.00%
Epoch: 04, Loss: 0.6449, Train: 54.38%, Test: 54.50%
Epoch: 05, Loss: 0.6419, Train: 59.62%, Test: 54.50%
Epoch: 06, Loss: 0.6798, Train: 58.12%, Test: 54.50%
Epoch: 07, Loss: 0.6456, Train: 62.50%, Test: 55.00%
Epoch: 08, Loss: 0.5898, Train: 63.00%, Test: 56.00%
Epoch: 09, Loss: 0.6437, Train: 65.88%, Test: 54.00%
Epoch: 10, Loss: 0.6115, Train: 65.50%, Test: 55.00%
Epoch: 11, Loss: 0.6274, Train: 64.50%, Test: 54.50%
Epoch: 12, Loss: 0.5781, Train: 65.62%, Test: 57.50%
Epoch: 13, Loss: 0.6051, Train: 66.75%, Test: 56.50%
Epoch: 14, Loss: 0.6121, Train: 71.38%, Test: 56.00%
Epoch: 15, Loss: 0.5854, Train: 69.62%, Test: 56.50%
Epoch: 16, Loss: 0.5815, Train: 68.25%, Test: 55.50%
Epoch: 17, Loss: 0.5750, Train: 68.38%, Test: 58.50%
Epoch: 18, Loss: 0.5854, Train: 69.00%, Test: 56.00%
Epoch: 19, Loss: 0.5264, Train: 72.50%, Test: 57.50%
Epoch: 20, Loss: 0.5200, Train: 73.25%, Test: 58.50%
Epoch: 21, Loss: 0.5350, Train: 72.25%, Test: 59.50%
Epoch: 22, Loss: 0.4992, Train: 71.75%, Test: 60.00%
Epoch: 23, Loss: 0.5373, Train: 73.25%, Test: 60.00%
Epoch: 24, Loss: 0.4774, Train: 71.88%, Test: 60.00%
Epoch: 25, Loss: 0.4871, Train: 72.50%, Test: 61.00%
Epoch: 26, Loss: 0.4591, Train: 74.25%, Test: 61.00%
Epoch: 27, Loss: 0.4411, Train: 72.62%, Test: 61.50%
Epoch: 28, Loss: 0.4113, Train: 70.12%, Test: 61.00%
Epoch: 29, Loss: 0.4432, Train: 74.00%, Test: 63.50%
Epoch: 30, Loss: 0.4630, Train: 72.62%, Test: 62.50%
